[ERROR] [00:04:52] com.lin.action.TestAction - jjjjjjjjjjjjjj
  [ERROR] [10:38:18] com.lin.action.TestAction - jjjjjjjjjjjjjj
  [ERROR] [10:39:43] com.lin.action.TestAction - hello world ............................
  [ERROR] [02016-01-07 10:40:55] com.lin.action.TestAction - hello world ............................
[ERROR] [02016-01-07 10:41:36] com.lin.action.TestAction - hello world ............................
[ERROR] [02016-01-07 10:41:37] com.lin.action.TestAction - hello world ............................
[ERROR] [02016-01-07 10:41:37] com.lin.action.TestAction - hello world ............................
[ERROR] [02016-01-07 10:41:37] com.lin.action.TestAction - hello world ............................
[ERROR] [02016-01-07 10:41:38] com.lin.action.TestAction - hello world ............................
[ERROR] [02016-01-07 10:41:38] com.lin.action.TestAction - hello world ............................
[ERROR] [02016-01-07 10:41:38] com.lin.action.TestAction - hello world ............................
[ERROR] [02016-01-07 10:41:54] com.lin.action.TestAction - hello world dddddd............................
[ERROR] [02016-01-07 10:41:54] com.lin.action.TestAction - hello world dddddd............................
[ERROR] [02016-01-07 10:41:54] com.lin.action.TestAction - hello world dddddd............................
[ERROR] [02016-01-07 10:41:55] com.lin.action.TestAction - hello world dddddd............................
[ERROR] [02016-01-07 10:41:55] com.lin.action.TestAction - hello world dddddd............................
[ERROR] [02016-01-07 10:41:55] com.lin.action.TestAction - hello world dddddd............................
[ERROR] [02016-01-07 10:41:55] com.lin.action.TestAction - hello world dddddd............................
[ERROR] [02016-01-07 10:41:55] com.lin.action.TestAction - hello world dddddd............................
[ERROR] [02016-01-07 10:41:55] com.lin.action.TestAction - hello world dddddd............................
