[INFO ] [00:04:43] org.springframework.web.context.ContextLoader - Root WebApplicationContext: initialization started
  [INFO ] [00:04:43] org.springframework.web.context.support.XmlWebApplicationContext - Refreshing Root WebApplicationContext: startup date [Thu Jan 07 00:04:43 CST 2016]; root of context hierarchy
  [INFO ] [00:04:43] org.springframework.beans.factory.xml.XmlBeanDefinitionReader - Loading XML bean definitions from URL [file:/Users/lwb/IdeaProjects/parent/build-log4j/target/classes/springContext.xml]
  [INFO ] [00:04:44] org.springframework.web.servlet.mvc.method.annotation.RequestMappingHandlerAdapter - Looking for @ControllerAdvice: Root WebApplicationContext: startup date [Thu Jan 07 00:04:43 CST 2016]; root of context hierarchy
  [INFO ] [00:04:44] org.springframework.web.servlet.mvc.method.annotation.RequestMappingHandlerMapping - Mapped "{[/log4j/test]}" onto public java.lang.String com.lin.action.TestAction.test(javax.servlet.http.HttpServletRequest,javax.servlet.http.HttpServletResponse)
  [INFO ] [00:04:44] org.springframework.web.servlet.mvc.method.annotation.RequestMappingHandlerAdapter - Looking for @ControllerAdvice: Root WebApplicationContext: startup date [Thu Jan 07 00:04:43 CST 2016]; root of context hierarchy
  [INFO ] [00:04:44] org.springframework.web.context.ContextLoader - Root WebApplicationContext: initialization completed in 1635 ms
  [INFO ] [00:04:44] org.springframework.web.servlet.DispatcherServlet - FrameworkServlet 'dispatcher': initialization started
  [INFO ] [00:04:44] org.springframework.web.context.support.XmlWebApplicationContext - Refreshing WebApplicationContext for namespace 'dispatcher-servlet': startup date [Thu Jan 07 00:04:44 CST 2016]; parent: Root WebApplicationContext
  [INFO ] [00:04:44] org.springframework.beans.factory.xml.XmlBeanDefinitionReader - Loading XML bean definitions from URL [file:/Users/lwb/IdeaProjects/parent/build-log4j/target/classes/springContext.xml]
  [INFO ] [00:04:44] org.springframework.web.servlet.mvc.method.annotation.RequestMappingHandlerAdapter - Looking for @ControllerAdvice: WebApplicationContext for namespace 'dispatcher-servlet': startup date [Thu Jan 07 00:04:44 CST 2016]; parent: Root WebApplicationContext
  [INFO ] [00:04:44] org.springframework.web.servlet.mvc.method.annotation.RequestMappingHandlerMapping - Mapped "{[/log4j/test]}" onto public java.lang.String com.lin.action.TestAction.test(javax.servlet.http.HttpServletRequest,javax.servlet.http.HttpServletResponse)
  [INFO ] [00:04:44] org.springframework.web.servlet.mvc.method.annotation.RequestMappingHandlerAdapter - Looking for @ControllerAdvice: WebApplicationContext for namespace 'dispatcher-servlet': startup date [Thu Jan 07 00:04:44 CST 2016]; parent: Root WebApplicationContext
  [INFO ] [00:04:45] org.springframework.web.servlet.DispatcherServlet - FrameworkServlet 'dispatcher': initialization completed in 328 ms
  [ERROR] [00:04:52] com.lin.action.TestAction - jjjjjjjjjjjjjj
  [INFO ] [10:37:46] org.springframework.web.context.ContextLoader - Root WebApplicationContext: initialization started
  [INFO ] [10:37:46] org.springframework.web.context.support.XmlWebApplicationContext - Refreshing Root WebApplicationContext: startup date [Thu Jan 07 10:37:46 CST 2016]; root of context hierarchy
  [INFO ] [10:37:46] org.springframework.beans.factory.xml.XmlBeanDefinitionReader - Loading XML bean definitions from URL [file:/D:/github/parent/build-log4j/target/classes/springContext.xml]
  [INFO ] [10:37:47] org.springframework.web.servlet.mvc.method.annotation.RequestMappingHandlerAdapter - Looking for @ControllerAdvice: Root WebApplicationContext: startup date [Thu Jan 07 10:37:46 CST 2016]; root of context hierarchy
  [INFO ] [10:37:47] org.springframework.web.servlet.mvc.method.annotation.RequestMappingHandlerMapping - Mapped "{[/log4j/test]}" onto public java.lang.String com.lin.action.TestAction.test(javax.servlet.http.HttpServletRequest,javax.servlet.http.HttpServletResponse)
  [INFO ] [10:37:47] org.springframework.web.servlet.mvc.method.annotation.RequestMappingHandlerAdapter - Looking for @ControllerAdvice: Root WebApplicationContext: startup date [Thu Jan 07 10:37:46 CST 2016]; root of context hierarchy
  [INFO ] [10:37:47] org.springframework.web.context.ContextLoader - Root WebApplicationContext: initialization completed in 794 ms
  [INFO ] [10:37:47] org.springframework.web.servlet.DispatcherServlet - FrameworkServlet 'dispatcher': initialization started
  [INFO ] [10:37:47] org.springframework.web.context.support.XmlWebApplicationContext - Refreshing WebApplicationContext for namespace 'dispatcher-servlet': startup date [Thu Jan 07 10:37:47 CST 2016]; parent: Root WebApplicationContext
  [INFO ] [10:37:47] org.springframework.beans.factory.xml.XmlBeanDefinitionReader - Loading XML bean definitions from URL [file:/D:/github/parent/build-log4j/target/classes/springContext.xml]
  [INFO ] [10:37:47] org.springframework.web.servlet.mvc.method.annotation.RequestMappingHandlerAdapter - Looking for @ControllerAdvice: WebApplicationContext for namespace 'dispatcher-servlet': startup date [Thu Jan 07 10:37:47 CST 2016]; parent: Root WebApplicationContext
  [INFO ] [10:37:47] org.springframework.web.servlet.mvc.method.annotation.RequestMappingHandlerMapping - Mapped "{[/log4j/test]}" onto public java.lang.String com.lin.action.TestAction.test(javax.servlet.http.HttpServletRequest,javax.servlet.http.HttpServletResponse)
  [INFO ] [10:37:47] org.springframework.web.servlet.mvc.method.annotation.RequestMappingHandlerAdapter - Looking for @ControllerAdvice: WebApplicationContext for namespace 'dispatcher-servlet': startup date [Thu Jan 07 10:37:47 CST 2016]; parent: Root WebApplicationContext
  [INFO ] [10:37:47] org.springframework.web.servlet.DispatcherServlet - FrameworkServlet 'dispatcher': initialization completed in 115 ms
  [ERROR] [10:38:18] com.lin.action.TestAction - jjjjjjjjjjjjjj
  [INFO ] [10:39:38] org.springframework.web.context.ContextLoader - Root WebApplicationContext: initialization started
  [INFO ] [10:39:38] org.springframework.web.context.support.XmlWebApplicationContext - Refreshing Root WebApplicationContext: startup date [Thu Jan 07 10:39:38 CST 2016]; root of context hierarchy
  [INFO ] [10:39:38] org.springframework.beans.factory.xml.XmlBeanDefinitionReader - Loading XML bean definitions from URL [file:/D:/github/parent/build-log4j/target/classes/springContext.xml]
  [INFO ] [10:39:39] org.springframework.web.servlet.mvc.method.annotation.RequestMappingHandlerAdapter - Looking for @ControllerAdvice: Root WebApplicationContext: startup date [Thu Jan 07 10:39:38 CST 2016]; root of context hierarchy
  [INFO ] [10:39:39] org.springframework.web.servlet.mvc.method.annotation.RequestMappingHandlerMapping - Mapped "{[/log4j/test]}" onto public java.lang.String com.lin.action.TestAction.test(javax.servlet.http.HttpServletRequest,javax.servlet.http.HttpServletResponse)
  [INFO ] [10:39:39] org.springframework.web.servlet.mvc.method.annotation.RequestMappingHandlerAdapter - Looking for @ControllerAdvice: Root WebApplicationContext: startup date [Thu Jan 07 10:39:38 CST 2016]; root of context hierarchy
  [INFO ] [10:39:39] org.springframework.web.context.ContextLoader - Root WebApplicationContext: initialization completed in 596 ms
  [INFO ] [10:39:39] org.springframework.web.servlet.DispatcherServlet - FrameworkServlet 'dispatcher': initialization started
  [INFO ] [10:39:39] org.springframework.web.context.support.XmlWebApplicationContext - Refreshing WebApplicationContext for namespace 'dispatcher-servlet': startup date [Thu Jan 07 10:39:39 CST 2016]; parent: Root WebApplicationContext
  [INFO ] [10:39:39] org.springframework.beans.factory.xml.XmlBeanDefinitionReader - Loading XML bean definitions from URL [file:/D:/github/parent/build-log4j/target/classes/springContext.xml]
  [INFO ] [10:39:39] org.springframework.web.servlet.mvc.method.annotation.RequestMappingHandlerAdapter - Looking for @ControllerAdvice: WebApplicationContext for namespace 'dispatcher-servlet': startup date [Thu Jan 07 10:39:39 CST 2016]; parent: Root WebApplicationContext
  [INFO ] [10:39:39] org.springframework.web.servlet.mvc.method.annotation.RequestMappingHandlerMapping - Mapped "{[/log4j/test]}" onto public java.lang.String com.lin.action.TestAction.test(javax.servlet.http.HttpServletRequest,javax.servlet.http.HttpServletResponse)
  [INFO ] [10:39:39] org.springframework.web.servlet.mvc.method.annotation.RequestMappingHandlerAdapter - Looking for @ControllerAdvice: WebApplicationContext for namespace 'dispatcher-servlet': startup date [Thu Jan 07 10:39:39 CST 2016]; parent: Root WebApplicationContext
  [INFO ] [10:39:39] org.springframework.web.servlet.DispatcherServlet - FrameworkServlet 'dispatcher': initialization completed in 120 ms
  [ERROR] [10:39:43] com.lin.action.TestAction - hello world ............................
  [INFO ] [02016-01-07 10:40:50] org.springframework.web.context.ContextLoader - Root WebApplicationContext: initialization started
[INFO ] [02016-01-07 10:40:50] org.springframework.web.context.support.XmlWebApplicationContext - Refreshing Root WebApplicationContext: startup date [Thu Jan 07 10:40:50 CST 2016]; root of context hierarchy
[INFO ] [02016-01-07 10:40:50] org.springframework.beans.factory.xml.XmlBeanDefinitionReader - Loading XML bean definitions from URL [file:/D:/github/parent/build-log4j/target/classes/springContext.xml]
[INFO ] [02016-01-07 10:40:51] org.springframework.web.servlet.mvc.method.annotation.RequestMappingHandlerAdapter - Looking for @ControllerAdvice: Root WebApplicationContext: startup date [Thu Jan 07 10:40:50 CST 2016]; root of context hierarchy
[INFO ] [02016-01-07 10:40:51] org.springframework.web.servlet.mvc.method.annotation.RequestMappingHandlerMapping - Mapped "{[/log4j/test]}" onto public java.lang.String com.lin.action.TestAction.test(javax.servlet.http.HttpServletRequest,javax.servlet.http.HttpServletResponse)
[INFO ] [02016-01-07 10:40:51] org.springframework.web.servlet.mvc.method.annotation.RequestMappingHandlerAdapter - Looking for @ControllerAdvice: Root WebApplicationContext: startup date [Thu Jan 07 10:40:50 CST 2016]; root of context hierarchy
[INFO ] [02016-01-07 10:40:51] org.springframework.web.context.ContextLoader - Root WebApplicationContext: initialization completed in 616 ms
[INFO ] [02016-01-07 10:40:51] org.springframework.web.servlet.DispatcherServlet - FrameworkServlet 'dispatcher': initialization started
[INFO ] [02016-01-07 10:40:51] org.springframework.web.context.support.XmlWebApplicationContext - Refreshing WebApplicationContext for namespace 'dispatcher-servlet': startup date [Thu Jan 07 10:40:51 CST 2016]; parent: Root WebApplicationContext
[INFO ] [02016-01-07 10:40:51] org.springframework.beans.factory.xml.XmlBeanDefinitionReader - Loading XML bean definitions from URL [file:/D:/github/parent/build-log4j/target/classes/springContext.xml]
[INFO ] [02016-01-07 10:40:51] org.springframework.web.servlet.mvc.method.annotation.RequestMappingHandlerAdapter - Looking for @ControllerAdvice: WebApplicationContext for namespace 'dispatcher-servlet': startup date [Thu Jan 07 10:40:51 CST 2016]; parent: Root WebApplicationContext
[INFO ] [02016-01-07 10:40:51] org.springframework.web.servlet.mvc.method.annotation.RequestMappingHandlerMapping - Mapped "{[/log4j/test]}" onto public java.lang.String com.lin.action.TestAction.test(javax.servlet.http.HttpServletRequest,javax.servlet.http.HttpServletResponse)
[INFO ] [02016-01-07 10:40:51] org.springframework.web.servlet.mvc.method.annotation.RequestMappingHandlerAdapter - Looking for @ControllerAdvice: WebApplicationContext for namespace 'dispatcher-servlet': startup date [Thu Jan 07 10:40:51 CST 2016]; parent: Root WebApplicationContext
[INFO ] [02016-01-07 10:40:51] org.springframework.web.servlet.DispatcherServlet - FrameworkServlet 'dispatcher': initialization completed in 119 ms
[ERROR] [02016-01-07 10:40:55] com.lin.action.TestAction - hello world ............................
[INFO ] [02016-01-07 10:41:32] org.springframework.web.context.ContextLoader - Root WebApplicationContext: initialization started
[INFO ] [02016-01-07 10:41:32] org.springframework.web.context.support.XmlWebApplicationContext - Refreshing Root WebApplicationContext: startup date [Thu Jan 07 10:41:32 CST 2016]; root of context hierarchy
[INFO ] [02016-01-07 10:41:32] org.springframework.beans.factory.xml.XmlBeanDefinitionReader - Loading XML bean definitions from URL [file:/D:/github/parent/build-log4j/target/classes/springContext.xml]
[INFO ] [02016-01-07 10:41:32] org.springframework.web.servlet.mvc.method.annotation.RequestMappingHandlerAdapter - Looking for @ControllerAdvice: Root WebApplicationContext: startup date [Thu Jan 07 10:41:32 CST 2016]; root of context hierarchy
[INFO ] [02016-01-07 10:41:33] org.springframework.web.servlet.mvc.method.annotation.RequestMappingHandlerMapping - Mapped "{[/log4j/test]}" onto public java.lang.String com.lin.action.TestAction.test(javax.servlet.http.HttpServletRequest,javax.servlet.http.HttpServletResponse)
[INFO ] [02016-01-07 10:41:33] org.springframework.web.servlet.mvc.method.annotation.RequestMappingHandlerAdapter - Looking for @ControllerAdvice: Root WebApplicationContext: startup date [Thu Jan 07 10:41:32 CST 2016]; root of context hierarchy
[INFO ] [02016-01-07 10:41:33] org.springframework.web.context.ContextLoader - Root WebApplicationContext: initialization completed in 583 ms
[INFO ] [02016-01-07 10:41:33] org.springframework.web.servlet.DispatcherServlet - FrameworkServlet 'dispatcher': initialization started
[INFO ] [02016-01-07 10:41:33] org.springframework.web.context.support.XmlWebApplicationContext - Refreshing WebApplicationContext for namespace 'dispatcher-servlet': startup date [Thu Jan 07 10:41:33 CST 2016]; parent: Root WebApplicationContext
[INFO ] [02016-01-07 10:41:33] org.springframework.beans.factory.xml.XmlBeanDefinitionReader - Loading XML bean definitions from URL [file:/D:/github/parent/build-log4j/target/classes/springContext.xml]
[INFO ] [02016-01-07 10:41:33] org.springframework.web.servlet.mvc.method.annotation.RequestMappingHandlerAdapter - Looking for @ControllerAdvice: WebApplicationContext for namespace 'dispatcher-servlet': startup date [Thu Jan 07 10:41:33 CST 2016]; parent: Root WebApplicationContext
[INFO ] [02016-01-07 10:41:33] org.springframework.web.servlet.mvc.method.annotation.RequestMappingHandlerMapping - Mapped "{[/log4j/test]}" onto public java.lang.String com.lin.action.TestAction.test(javax.servlet.http.HttpServletRequest,javax.servlet.http.HttpServletResponse)
[INFO ] [02016-01-07 10:41:33] org.springframework.web.servlet.mvc.method.annotation.RequestMappingHandlerAdapter - Looking for @ControllerAdvice: WebApplicationContext for namespace 'dispatcher-servlet': startup date [Thu Jan 07 10:41:33 CST 2016]; parent: Root WebApplicationContext
[INFO ] [02016-01-07 10:41:33] org.springframework.web.servlet.DispatcherServlet - FrameworkServlet 'dispatcher': initialization completed in 109 ms
[ERROR] [02016-01-07 10:41:36] com.lin.action.TestAction - hello world ............................
[ERROR] [02016-01-07 10:41:37] com.lin.action.TestAction - hello world ............................
[ERROR] [02016-01-07 10:41:37] com.lin.action.TestAction - hello world ............................
[ERROR] [02016-01-07 10:41:37] com.lin.action.TestAction - hello world ............................
[ERROR] [02016-01-07 10:41:38] com.lin.action.TestAction - hello world ............................
[ERROR] [02016-01-07 10:41:38] com.lin.action.TestAction - hello world ............................
[ERROR] [02016-01-07 10:41:38] com.lin.action.TestAction - hello world ............................
[INFO ] [02016-01-07 10:41:51] org.springframework.web.context.ContextLoader - Root WebApplicationContext: initialization started
[INFO ] [02016-01-07 10:41:51] org.springframework.web.context.support.XmlWebApplicationContext - Refreshing Root WebApplicationContext: startup date [Thu Jan 07 10:41:51 CST 2016]; root of context hierarchy
[INFO ] [02016-01-07 10:41:51] org.springframework.beans.factory.xml.XmlBeanDefinitionReader - Loading XML bean definitions from URL [file:/D:/github/parent/build-log4j/target/classes/springContext.xml]
[INFO ] [02016-01-07 10:41:51] org.springframework.web.servlet.mvc.method.annotation.RequestMappingHandlerAdapter - Looking for @ControllerAdvice: Root WebApplicationContext: startup date [Thu Jan 07 10:41:51 CST 2016]; root of context hierarchy
[INFO ] [02016-01-07 10:41:51] org.springframework.web.servlet.mvc.method.annotation.RequestMappingHandlerMapping - Mapped "{[/log4j/test]}" onto public java.lang.String com.lin.action.TestAction.test(javax.servlet.http.HttpServletRequest,javax.servlet.http.HttpServletResponse)
[INFO ] [02016-01-07 10:41:51] org.springframework.web.servlet.mvc.method.annotation.RequestMappingHandlerAdapter - Looking for @ControllerAdvice: Root WebApplicationContext: startup date [Thu Jan 07 10:41:51 CST 2016]; root of context hierarchy
[INFO ] [02016-01-07 10:41:51] org.springframework.web.context.ContextLoader - Root WebApplicationContext: initialization completed in 616 ms
[INFO ] [02016-01-07 10:41:51] org.springframework.web.servlet.DispatcherServlet - FrameworkServlet 'dispatcher': initialization started
[INFO ] [02016-01-07 10:41:51] org.springframework.web.context.support.XmlWebApplicationContext - Refreshing WebApplicationContext for namespace 'dispatcher-servlet': startup date [Thu Jan 07 10:41:51 CST 2016]; parent: Root WebApplicationContext
[INFO ] [02016-01-07 10:41:51] org.springframework.beans.factory.xml.XmlBeanDefinitionReader - Loading XML bean definitions from URL [file:/D:/github/parent/build-log4j/target/classes/springContext.xml]
[INFO ] [02016-01-07 10:41:51] org.springframework.web.servlet.mvc.method.annotation.RequestMappingHandlerAdapter - Looking for @ControllerAdvice: WebApplicationContext for namespace 'dispatcher-servlet': startup date [Thu Jan 07 10:41:51 CST 2016]; parent: Root WebApplicationContext
[INFO ] [02016-01-07 10:41:51] org.springframework.web.servlet.mvc.method.annotation.RequestMappingHandlerMapping - Mapped "{[/log4j/test]}" onto public java.lang.String com.lin.action.TestAction.test(javax.servlet.http.HttpServletRequest,javax.servlet.http.HttpServletResponse)
[INFO ] [02016-01-07 10:41:51] org.springframework.web.servlet.mvc.method.annotation.RequestMappingHandlerAdapter - Looking for @ControllerAdvice: WebApplicationContext for namespace 'dispatcher-servlet': startup date [Thu Jan 07 10:41:51 CST 2016]; parent: Root WebApplicationContext
[INFO ] [02016-01-07 10:41:51] org.springframework.web.servlet.DispatcherServlet - FrameworkServlet 'dispatcher': initialization completed in 124 ms
[ERROR] [02016-01-07 10:41:54] com.lin.action.TestAction - hello world dddddd............................
[ERROR] [02016-01-07 10:41:54] com.lin.action.TestAction - hello world dddddd............................
[ERROR] [02016-01-07 10:41:54] com.lin.action.TestAction - hello world dddddd............................
[ERROR] [02016-01-07 10:41:55] com.lin.action.TestAction - hello world dddddd............................
[ERROR] [02016-01-07 10:41:55] com.lin.action.TestAction - hello world dddddd............................
[ERROR] [02016-01-07 10:41:55] com.lin.action.TestAction - hello world dddddd............................
[ERROR] [02016-01-07 10:41:55] com.lin.action.TestAction - hello world dddddd............................
[ERROR] [02016-01-07 10:41:55] com.lin.action.TestAction - hello world dddddd............................
[ERROR] [02016-01-07 10:41:55] com.lin.action.TestAction - hello world dddddd............................
